TN:
SF:src\app\app.component.ts
FNF:0
FNH:0
DA:15,1
DA:16,2
LF:2
LH:2
BRF:0
BRH:0
end_of_record
TN:
SF:src\app\components\about\about.component.ts
FN:24,(anonymous_0)
FNF:1
FNH:1
FNDA:2,(anonymous_0)
DA:22,1
DA:25,2
DA:26,2
DA:27,1
LF:4
LH:4
BRDA:26,0,0,1
BRF:1
BRH:1
end_of_record
TN:
SF:src\app\components\analytics\analytics.component.ts
FN:45,(anonymous_0)
FN:48,(anonymous_1)
FN:53,(anonymous_2)
FN:57,(anonymous_3)
FN:58,(anonymous_4)
FN:63,(anonymous_5)
FN:67,(anonymous_6)
FN:76,(anonymous_7)
FN:77,(anonymous_8)
FNF:9
FNH:6
FNDA:6,(anonymous_0)
FNDA:0,(anonymous_1)
FNDA:6,(anonymous_2)
FNDA:6,(anonymous_3)
FNDA:6,(anonymous_4)
FNDA:0,(anonymous_5)
FNDA:0,(anonymous_6)
FNDA:1,(anonymous_7)
FNDA:1,(anonymous_8)
DA:26,1
DA:28,6
DA:29,6
DA:30,6
DA:31,6
DA:32,6
DA:35,6
DA:36,6
DA:37,6
DA:38,6
DA:40,6
DA:41,6
DA:42,6
DA:43,6
DA:45,6
DA:46,6
DA:49,0
DA:54,6
DA:58,6
DA:59,6
DA:60,6
DA:61,6
DA:62,6
DA:63,6
DA:68,0
DA:69,0
DA:71,0
DA:72,0
DA:77,1
DA:78,1
LF:30
LH:25
BRDA:63,0,0,6
BRDA:63,0,1,0
BRDA:71,1,0,0
BRDA:71,2,0,0
BRDA:71,2,1,0
BRF:5
BRH:1
end_of_record
TN:
SF:src\app\components\analytics\analyticsCharts.config.ts
FNF:0
FNH:0
DA:3,1
DA:13,1
DA:23,1
DA:33,1
LF:4
LH:4
BRF:0
BRH:0
end_of_record
TN:
SF:src\app\components\create-account\create-account.component.ts
FN:28,(anonymous_0)
FN:30,(anonymous_1)
FN:43,(anonymous_2)
FN:47,(anonymous_3)
FNF:4
FNH:4
FNDA:10,(anonymous_0)
FNDA:4,(anonymous_1)
FNDA:2,(anonymous_2)
FNDA:1,(anonymous_3)
DA:24,1
DA:25,10
DA:26,10
DA:28,10
DA:31,4
DA:32,1
DA:33,1
DA:36,3
DA:44,2
DA:45,2
DA:48,1
DA:49,1
LF:12
LH:12
BRDA:31,0,0,1
BRDA:49,1,0,1
BRDA:49,1,1,0
BRF:3
BRH:2
end_of_record
TN:
SF:src\app\components\dashboard\dashboard.component.ts
FN:35,(anonymous_1)
FN:39,(anonymous_2)
FN:52,(anonymous_3)
FN:54,(anonymous_4)
FN:55,(anonymous_5)
FN:56,(anonymous_6)
FN:57,(anonymous_7)
FN:60,(anonymous_8)
FNF:8
FNH:2
FNDA:5,(anonymous_1)
FNDA:5,(anonymous_2)
FNDA:0,(anonymous_3)
FNDA:0,(anonymous_4)
FNDA:0,(anonymous_5)
FNDA:0,(anonymous_6)
FNDA:0,(anonymous_7)
FNDA:0,(anonymous_8)
DA:24,1
DA:25,5
DA:26,5
DA:27,5
DA:28,5
DA:31,5
DA:32,5
DA:36,5
DA:41,5
DA:42,5
DA:44,5
DA:45,5
DA:46,5
DA:47,5
DA:51,0
DA:53,0
DA:54,0
DA:55,0
DA:56,0
DA:57,0
DA:58,0
DA:61,0
DA:62,0
LF:23
LH:14
BRDA:44,0,0,5
BRF:1
BRH:1
end_of_record
TN:
SF:src\app\components\log-in\log-in.component.ts
FN:29,(anonymous_0)
FN:31,(anonymous_1)
FN:38,(anonymous_2)
FN:43,(anonymous_3)
FNF:4
FNH:1
FNDA:8,(anonymous_0)
FNDA:0,(anonymous_1)
FNDA:0,(anonymous_2)
FNDA:0,(anonymous_3)
DA:25,1
DA:26,8
DA:27,8
DA:29,8
DA:32,0
DA:39,0
DA:40,0
DA:41,0
DA:44,0
DA:45,0
LF:10
LH:4
BRF:0
BRH:0
end_of_record
TN:
SF:src\app\components\settings\settings.component.ts
FN:27,(anonymous_0)
FN:29,(anonymous_1)
FNF:2
FNH:1
FNDA:1,(anonymous_0)
FNDA:0,(anonymous_1)
DA:20,1
DA:21,1
DA:31,0
LF:3
LH:2
BRF:0
BRH:0
end_of_record
TN:
SF:src\app\components\sidebar\sidebar.component.ts
FN:27,(anonymous_0)
FNF:1
FNH:0
FNDA:0,(anonymous_0)
DA:24,1
DA:25,34
DA:28,0
LF:3
LH:2
BRF:0
BRH:0
end_of_record
TN:
SF:src\app\components\support\support.component.ts
FNF:0
FNH:0
DA:25,1
LF:1
LH:1
BRF:0
BRH:0
end_of_record
TN:
SF:src\app\components\transactions\transactions.component.ts
FN:63,(anonymous_1)
FN:65,(anonymous_2)
FN:79,(anonymous_3)
FN:112,(anonymous_4)
FN:122,(anonymous_5)
FN:127,(anonymous_6)
FNF:6
FNH:3
FNDA:11,(anonymous_1)
FNDA:4,(anonymous_2)
FNDA:1,(anonymous_3)
FNDA:0,(anonymous_4)
FNDA:0,(anonymous_5)
FNDA:0,(anonymous_6)
DA:41,1
DA:43,11
DA:44,11
DA:46,11
DA:47,11
DA:48,11
DA:51,11
DA:52,11
DA:53,11
DA:55,11
DA:65,11
DA:66,4
DA:67,3
DA:68,1
DA:69,0
DA:71,1
DA:75,4
DA:80,1
DA:81,1
DA:82,1
DA:84,1
DA:85,1
DA:88,1
DA:91,1
DA:96,1
DA:99,1
DA:100,1
DA:101,1
DA:102,1
DA:103,1
DA:106,0
DA:108,0
DA:111,0
DA:113,0
DA:114,0
DA:117,0
DA:118,0
DA:119,0
DA:122,0
DA:123,0
DA:124,0
DA:128,0
DA:129,0
DA:133,0
LF:44
LH:29
BRDA:66,0,0,3
BRDA:66,0,1,1
BRDA:68,1,0,0
BRDA:68,1,1,1
BRDA:84,2,0,1
BRDA:84,2,1,0
BRDA:100,3,0,1
BRF:7
BRH:5
end_of_record
TN:
SF:src\app\services\analytics.service.ts
FN:16,(anonymous_0)
FN:20,(anonymous_1)
FN:27,(anonymous_2)
FN:34,(anonymous_3)
FN:49,(anonymous_4)
FN:59,(anonymous_5)
FN:73,(anonymous_6)
FN:82,(anonymous_7)
FN:96,(anonymous_8)
FN:105,(anonymous_9)
FN:122,(anonymous_10)
FN:132,(anonymous_11)
FNF:12
FNH:7
FNDA:4,(anonymous_0)
FNDA:3,(anonymous_1)
FNDA:3,(anonymous_2)
FNDA:2,(anonymous_3)
FNDA:1,(anonymous_4)
FNDA:0,(anonymous_5)
FNDA:0,(anonymous_6)
FNDA:0,(anonymous_7)
FNDA:0,(anonymous_8)
FNDA:1,(anonymous_9)
FNDA:1,(anonymous_10)
FNDA:0,(anonymous_11)
DA:11,1
DA:12,4
DA:13,4
DA:14,4
DA:16,4
DA:17,4
DA:21,3
DA:22,3
DA:28,3
DA:29,0
DA:31,3
DA:35,2
DA:36,2
DA:41,2
DA:49,1
DA:60,0
DA:61,0
DA:66,0
DA:73,0
DA:83,0
DA:84,0
DA:89,0
DA:96,0
DA:110,1
DA:111,1
DA:118,1
DA:122,1
DA:133,0
LF:28
LH:18
BRDA:28,0,0,0
BRF:1
BRH:0
end_of_record
TN:
SF:src\app\services\auth.service.ts
FN:14,(anonymous_0)
FN:16,(anonymous_1)
FN:20,(anonymous_2)
FN:24,(anonymous_3)
FN:32,(anonymous_4)
FN:37,(anonymous_5)
FN:41,(anonymous_6)
FN:57,(anonymous_7)
FNF:8
FNH:3
FNDA:16,(anonymous_0)
FNDA:0,(anonymous_1)
FNDA:0,(anonymous_2)
FNDA:0,(anonymous_3)
FNDA:0,(anonymous_4)
FNDA:6,(anonymous_5)
FNDA:6,(anonymous_6)
FNDA:0,(anonymous_7)
DA:10,1
DA:11,16
DA:12,16
DA:14,16
DA:17,0
DA:21,0
DA:25,0
DA:33,0
DA:34,0
DA:38,6
DA:42,6
DA:43,6
DA:45,6
DA:46,0
DA:47,0
DA:48,0
DA:49,0
DA:51,0
DA:54,6
DA:58,0
LF:20
LH:9
BRDA:45,0,0,0
BRDA:49,1,0,0
BRDA:49,1,1,0
BRF:3
BRH:0
end_of_record
TN:
SF:src\app\services\transaction.service.ts
FN:14,(anonymous_0)
FN:17,(anonymous_1)
FN:24,(anonymous_2)
FN:30,(anonymous_3)
FNF:4
FNH:4
FNDA:5,(anonymous_0)
FNDA:4,(anonymous_1)
FNDA:2,(anonymous_2)
FNDA:2,(anonymous_3)
DA:11,1
DA:12,5
DA:14,5
DA:18,4
DA:19,4
DA:25,2
DA:31,2
DA:32,2
LF:8
LH:8
BRF:0
BRH:0
end_of_record
TN:
SF:src\environments\environment.ts
FNF:0
FNH:0
DA:1,1
LF:1
LH:1
BRF:0
BRH:0
end_of_record
